<?xml version="1.0" encoding="utf-8"?><testsuites name="pytest tests"><testsuite name="pytest" errors="0" failures="0" skipped="0" tests="17" time="2.869" timestamp="2026-05-16T09:44:10.042070+00:00" hostname="agent-env-401316e2-fb3c-4c24-a361-8fe4936e1c95"><testcase classname="backend.tests.test_velstrax_backend.TestRoot" name="test_root_message" time="0.147" /><testcase classname="backend.tests.test_velstrax_backend.TestAuth" name="test_login_success" time="0.277" /><testcase classname="backend.tests.test_velstrax_backend.TestAuth" name="test_login_wrong_password" time="0.270" /><testcase classname="backend.tests.test_velstrax_backend.TestAuth" name="test_login_wrong_email" time="0.046" /><testcase classname="backend.tests.test_velstrax_backend.TestAuth" name="test_me_with_bearer" time="0.324" /><testcase classname="backend.tests.test_velstrax_backend.TestAuth" name="test_me_without_auth" time="0.097" /><testcase classname="backend.tests.test_velstrax_backend.TestAuth" name="test_logout_clears_cookie" time="0.045" /><testcase classname="backend.tests.test_velstrax_backend.TestSettings" name="test_get_settings_public" time="0.046" /><testcase classname="backend.tests.test_velstrax_backend.TestSettings" name="test_put_settings_no_auth" time="0.128" /><testcase classname="backend.tests.test_velstrax_backend.TestSettings" name="test_put_settings_with_auth_persists" time="0.144" /><testcase classname="backend.tests.test_velstrax_backend.TestPortfolio" name="test_list_public" time="0.047" /><testcase classname="backend.tests.test_velstrax_backend.TestPortfolio" name="test_create_requires_auth" time="0.130" /><testcase classname="backend.tests.test_velstrax_backend.TestPortfolio" name="test_crud_flow" time="0.539" /><testcase classname="backend.tests.test_velstrax_backend.TestContact" name="test_submit_valid" time="0.305" /><testcase classname="backend.tests.test_velstrax_backend.TestContact" name="test_invalid_email" time="0.045" /><testcase classname="backend.tests.test_velstrax_backend.TestContact" name="test_contacts_list_requires_auth" time="0.143" /><testcase classname="backend.tests.test_velstrax_backend.TestContact" name="test_contacts_list_with_auth" time="0.046" /></testsuite></testsuites>